app/build/outputs/logs/manifest-merger-debug-report.txt
-- Merging decision tree log ---
manifest
ADDED from AndroidManifest.xml:2:1
	xmlns:android
		ADDED from AndroidManifest.xml:2:11
	package
		ADDED from AndroidManifest.xml:3:5
		INJECTED from AndroidManifest.xml:0:0
		INJECTED from AndroidManifest.xml:0:0
	android:versionName
		ADDED from AndroidManifest.xml:5:5
	android:versionCode
		ADDED from AndroidManifest.xml:4:5
		INJECTED from AndroidManifest.xml:0:0
		INJECTED from AndroidManifest.xml:0:0
uses-sdk
ADDED from AndroidManifest.xml:7:5
	android:targetSdkVersion
		ADDED from AndroidManifest.xml:9:9
		INJECTED from AndroidManifest.xml:0:0
		INJECTED from AndroidManifest.xml:0:0
	android:minSdkVersion
		ADDED from AndroidManifest.xml:8:9
		INJECTED from AndroidManifest.xml:0:0
		INJECTED from AndroidManifest.xml:0:0
uses-permission#android.permission.WRITE_SETTINGS
ADDED from AndroidManifest.xml:11:5
	android:name
		ADDED from AndroidManifest.xml:11:22
uses-permission#android.permission.WAKE_LOCK
ADDED from AndroidManifest.xml:12:5
	android:name
		ADDED from AndroidManifest.xml:12:22
uses-permission#android.permission.WRITE_EXTERNAL_STORAGE
ADDED from AndroidManifest.xml:13:5
	android:name
		ADDED from AndroidManifest.xml:13:22
uses-permission#android.permission.READ_PHONE_STATE
ADDED from AndroidManifest.xml:14:5
	android:name
		ADDED from AndroidManifest.xml:14:22
uses-permission#android.permission.MODIFY_AUDIO_SETTINGS
ADDED from AndroidManifest.xml:15:5
	android:name
		ADDED from AndroidManifest.xml:15:22
uses-permission#android.permission.INTERNET
ADDED from AndroidManifest.xml:16:5
	android:name
		ADDED from AndroidManifest.xml:16:22
uses-permission#android.permission.BROADCAST_STICKY
ADDED from AndroidManifest.xml:17:5
	android:name
		ADDED from AndroidManifest.xml:17:22
uses-permission#android.permission.ACCESS_WIFI_STATE
ADDED from AndroidManifest.xml:18:5
	android:name
		ADDED from AndroidManifest.xml:18:22
uses-permission#android.permission.CHANGE_WIFI_MULTICAST_STATE
ADDED from AndroidManifest.xml:19:5
	android:name
		ADDED from AndroidManifest.xml:19:22
uses-permission#android.permission.ACCESS_NETWORK_STATE
ADDED from AndroidManifest.xml:20:5
	android:name
		ADDED from AndroidManifest.xml:20:22
uses-permission#android.permission.GET_TASKS
ADDED from AndroidManifest.xml:21:5
	android:name
		ADDED from AndroidManifest.xml:21:22
application
ADDED from AndroidManifest.xml:23:5
	android:label
		ADDED from AndroidManifest.xml:25:9
	android:icon
		ADDED from AndroidManifest.xml:24:9
activity#com.nmbb.oplayer.ui.MainFragmentActivity
ADDED from AndroidManifest.xml:26:9
	android:screenOrientation
		ADDED from AndroidManifest.xml:30:13
	android:label
		ADDED from AndroidManifest.xml:29:13
	android:configChanges
		ADDED from AndroidManifest.xml:28:13
	android:theme
		ADDED from AndroidManifest.xml:31:13
	android:name
		ADDED from AndroidManifest.xml:27:13
intent-filter#android.intent.action.MAIN+android.intent.category.LAUNCHER
ADDED from AndroidManifest.xml:32:13
action#android.intent.action.MAIN
ADDED from AndroidManifest.xml:33:17
	android:name
		ADDED from AndroidManifest.xml:33:25
category#android.intent.category.LAUNCHER
ADDED from AndroidManifest.xml:35:17
	android:name
		ADDED from AndroidManifest.xml:35:27
activity#com.nmbb.oplayer.ui.VideoPlayerActivity
ADDED from AndroidManifest.xml:38:9
	android:label
		ADDED from AndroidManifest.xml:41:13
	android:configChanges
		ADDED from AndroidManifest.xml:40:13
	android:theme
		ADDED from AndroidManifest.xml:42:13
	android:name
		ADDED from AndroidManifest.xml:39:13
intent-filter#android.intent.action.VIEW+android.intent.category.BROWSABLE+android.intent.category.DEFAULT+android.intent.category.LAUNCHER
ADDED from AndroidManifest.xml:43:13
action#android.intent.action.VIEW
ADDED from AndroidManifest.xml:44:17
	android:name
		ADDED from AndroidManifest.xml:44:25
category#android.intent.category.DEFAULT
ADDED from AndroidManifest.xml:47:17
	android:name
		ADDED from AndroidManifest.xml:47:27
category#android.intent.category.BROWSABLE
ADDED from AndroidManifest.xml:48:17
	android:name
		ADDED from AndroidManifest.xml:48:27
data
ADDED from AndroidManifest.xml:50:17
	android:mimeType
		ADDED from AndroidManifest.xml:51:21
	android:scheme
		ADDED from AndroidManifest.xml:52:21
intent-filter#android.intent.action.VIEW+android.intent.category.DEFAULT
ADDED from AndroidManifest.xml:102:13
intent-filter#android.intent.action.VIEW+android.intent.category.BROWSABLE+android.intent.category.DEFAULT
ADDED from AndroidManifest.xml:109:13
intent-filter#android.intent.action.SEND+android.intent.action.SENDTO+android.intent.action.VIEW+android.intent.category.DEFAULT
ADDED from AndroidManifest.xml:131:13
action#android.intent.action.SEND
ADDED from AndroidManifest.xml:133:17
	android:name
		ADDED from AndroidManifest.xml:133:25
action#android.intent.action.SENDTO
ADDED from AndroidManifest.xml:134:17
	android:name
		ADDED from AndroidManifest.xml:134:25
activity#com.nmbb.oplayer.PlayerActivity
ADDED from AndroidManifest.xml:208:9
	android:label
		ADDED from AndroidManifest.xml:211:13
	android:configChanges
		ADDED from AndroidManifest.xml:210:13
	android:theme
		ADDED from AndroidManifest.xml:212:13
	android:name
		ADDED from AndroidManifest.xml:209:13
activity#io.vov.vitamio.activity.InitActivity
ADDED from AndroidManifest.xml:214:9
	android:windowSoftInputMode
		ADDED from AndroidManifest.xml:219:13
	android:configChanges
		ADDED from AndroidManifest.xml:216:13
	android:theme
		ADDED from AndroidManifest.xml:218:13
	android:name
		ADDED from AndroidManifest.xml:215:13
	android:launchMode
		ADDED from AndroidManifest.xml:217:13
provider#io.vov.vitamio.provider.MediaProvider
ADDED from AndroidManifest.xml:221:9
	android:authorities
		ADDED from AndroidManifest.xml:223:13
	android:name
		ADDED from AndroidManifest.xml:222:13
receiver#com.nmbb.oplayer.receiver.MediaScannerReceiver
ADDED from AndroidManifest.xml:225:9
	android:name
		ADDED from AndroidManifest.xml:225:19
intent-filter#com.yixia.vitamio.action.MEDIA_SCANNER_FINISHED+com.yixia.vitamio.action.MEDIA_SCANNER_STARTED
ADDED from AndroidManifest.xml:226:13
action#com.yixia.vitamio.action.MEDIA_SCANNER_STARTED
ADDED from AndroidManifest.xml:227:17
	android:name
		ADDED from AndroidManifest.xml:227:25
action#com.yixia.vitamio.action.MEDIA_SCANNER_FINISHED
ADDED from AndroidManifest.xml:228:17
	android:name
		ADDED from AndroidManifest.xml:228:25
receiver#io.vov.vitamio.MediaScannerReceiver
ADDED from AndroidManifest.xml:231:9
	android:name
		ADDED from AndroidManifest.xml:231:19
intent-filter#android.intent.action.BOOT_COMPLETED
ADDED from AndroidManifest.xml:232:13
action#android.intent.action.BOOT_COMPLETED
ADDED from AndroidManifest.xml:233:17
	android:name
		ADDED from AndroidManifest.xml:233:25
intent-filter#android.intent.action.MEDIA_MOUNTED
ADDED from AndroidManifest.xml:235:13
action#android.intent.action.MEDIA_MOUNTED
ADDED from AndroidManifest.xml:236:17
	android:name
		ADDED from AndroidManifest.xml:236:25
intent-filter#com.yixia.vitamio.action.MEDIA_SCANNER_SCAN_DIRECTORY+com.yixia.vitamio.action.MEDIA_SCANNER_SCAN_FILE
ADDED from AndroidManifest.xml:240:13
action#com.yixia.vitamio.action.MEDIA_SCANNER_SCAN_FILE
ADDED from AndroidManifest.xml:241:17
	android:name
		ADDED from AndroidManifest.xml:241:25
action#com.yixia.vitamio.action.MEDIA_SCANNER_SCAN_DIRECTORY
ADDED from AndroidManifest.xml:242:17
	android:name
		ADDED from AndroidManifest.xml:242:25
service#io.vov.vitamio.MediaScannerService
ADDED from AndroidManifest.xml:248:9
	android:exported
		ADDED from AndroidManifest.xml:250:13
	android:name
		ADDED from AndroidManifest.xml:249:13
intent-filter#io.vov.vitamio.IMediaScannerService
ADDED from AndroidManifest.xml:251:13
action#io.vov.vitamio.IMediaScannerService
ADDED from AndroidManifest.xml:252:17
	android:name
		ADDED from AndroidManifest.xml:252:25
service#io.vov.vitamio.VitamioService
ADDED from AndroidManifest.xml:256:9
	android:exported
		ADDED from AndroidManifest.xml:258:13
	android:name
		ADDED from AndroidManifest.xml:257:13
intent-filter#io.vov.vitamio.IVitamioService
ADDED from AndroidManifest.xml:259:13
action#io.vov.vitamio.IVitamioService
ADDED from AndroidManifest.xml:260:17
	android:name
		ADDED from AndroidManifest.xml:260:25